<?xml version="1.0" encoding="UTF-8"?>
<testng-results ignored="0" total="2" passed="2" failed="0" skipped="0">
  <reporter-output>
  </reporter-output>
  <suite started-at="2024-12-13T12:12:03 IST" name="Suite" finished-at="2024-12-13T12:12:03 IST" duration-ms="51">
    <groups>
    </groups>
    <test started-at="2024-12-13T12:12:03 IST" name="Test" finished-at="2024-12-13T12:12:03 IST" duration-ms="51">
      <class name="Automation.TestNG">
        <test-method signature="add()[pri:0, instance:Automation.TestNG@449a4f23]" started-at="2024-12-13T12:12:03 IST" name="add" finished-at="2024-12-13T12:12:03 IST" duration-ms="12" status="PASS">
          <reporter-output>
          </reporter-output>
        </test-method> <!-- add -->
        <test-method signature="sub()[pri:0, instance:Automation.TestNG@449a4f23]" started-at="2024-12-13T12:12:03 IST" name="sub" finished-at="2024-12-13T12:12:03 IST" duration-ms="1" status="PASS">
          <reporter-output>
          </reporter-output>
        </test-method> <!-- sub -->
      </class> <!-- Automation.TestNG -->
    </test> <!-- Test -->
  </suite> <!-- Suite -->
</testng-results>
